<?xml version="1.0" encoding="UTF-8"?>
<!-- Generated by org.testng.reporters.JUnitXMLReporter -->
<testsuite hostname="DEL1-LHP-N0559" ignored="0" name="Test" tests="2" failures="1" timestamp="16 Jun 2019 13:52:46 GMT" time="64.011" errors="0">
  <testcase name="HomeLoginTest" time="11.221" classname="com.zoho.testcases.LoginTest"/>
  <testcase name="HomeLoginTest" time="51.517" classname="com.zoho.testcases.LoginTest">
    <failure type="java.lang.AssertionError" message="Login unsuccessful">
      <![CDATA[java.lang.AssertionError: Login unsuccessful
	at com.zoho.Pages.WelcomePage.isLoginSuccessfull(WelcomePage.java:16)
	at com.zoho.testcases.LoginTest.HomeLoginTest(LoginTest.java:23)
... Removed 26 stack frames]]>
    </failure>
  </testcase> <!-- HomeLoginTest -->
</testsuite> <!-- Test -->
