<?xml version="1.0" encoding="UTF-8"?>
<!-- Generated by org.testng.reporters.JUnitXMLReporter -->
<testsuite hostname="DEL1-LHP-N0559" ignored="1" name="Command line test" tests="2" failures="1" timestamp="16 Jun 2019 13:59:10 GMT" time="64.133" errors="0">
  <testcase name="HomeLoginTest" time="11.404" classname="com.zoho.testcases.LoginTest"/>
  <testcase name="HomeLoginTest" time="51.344" classname="com.zoho.testcases.LoginTest">
    <failure type="java.lang.AssertionError" message="Login unsuccessful">
      <![CDATA[java.lang.AssertionError: Login unsuccessful
	at com.zoho.Pages.WelcomePage.isLoginSuccessfull(WelcomePage.java:16)
	at com.zoho.testcases.LoginTest.HomeLoginTest(LoginTest.java:23)
... Removed 36 stack frames]]>
    </failure>
  </testcase> <!-- HomeLoginTest -->
  <testcase name="@AfterSuite teardown" time="0.0" classname="com.zoho.testcases.BaseTest">
    <ignored/>
  </testcase> <!-- @AfterSuite teardown -->
</testsuite> <!-- Command line test -->
